TOTAL LENGTH OF USERSIN = 9
USERSIN = 046454286
COUNTER = 0
VALUE = 0
VALUE TO PASS IF ODD OR EVEN: 0
0 * 2 = 0
BEFORE FINALSUM VALUE = 0
AFTER FINALSUM VALUE  = 0

NUMBER IS EVEN = 0
USERSIN = 046454286
COUNTER = 1
VALUE = 4
VALUE TO PASS IF ODD OR EVEN: 4
4 * 2 = 8
BEFORE FINALSUM VALUE = 0
AFTER FINALSUM VALUE  = 8

NUMBER IS EVEN = 8
USERSIN = 046454286
COUNTER = 2
VALUE = 6
VALUE TO PASS IF ODD OR EVEN: 6
6 * 2 = 12
VAL1 = 1
VAL2 = 2
TOTAL = 3
BEFORE FINALSUM VALUE = 8
FINALSUM + TOTAL = 11

NUMBER IS EVEN = 12
USERSIN = 046454286
COUNTER = 3
VALUE = 4
VALUE TO PASS IF ODD OR EVEN: 4
4 * 2 = 8
BEFORE FINALSUM VALUE = 11
AFTER FINALSUM VALUE  = 19

NUMBER IS EVEN = 8
USERSIN = 046454286
COUNTER = 4
VALUE = 5
VALUE TO PASS IF ODD OR EVEN: 5
BEFORE FINALSUM VALUE = 19
AFTER FINALSUM VALUE  = 24

5 * 1 = 5
NUMBER IS ODD  = 5
USERSIN = 046454286
COUNTER = 5
VALUE = 4
VALUE TO PASS IF ODD OR EVEN: 4
4 * 2 = 8
BEFORE FINALSUM VALUE = 24
AFTER FINALSUM VALUE  = 32

NUMBER IS EVEN = 8
USERSIN = 046454286
COUNTER = 6
VALUE = 2
VALUE TO PASS IF ODD OR EVEN: 2
2 * 2 = 4
BEFORE FINALSUM VALUE = 32
AFTER FINALSUM VALUE  = 36

NUMBER IS EVEN = 4
USERSIN = 046454286
COUNTER = 7
VALUE = 8
VALUE TO PASS IF ODD OR EVEN: 8
8 * 2 = 16
VAL1 = 1
VAL2 = 6
TOTAL = 7
BEFORE FINALSUM VALUE = 36
FINALSUM + TOTAL = 43

NUMBER IS EVEN = 16
USERSIN = 046454286
COUNTER = 8
VALUE = 6
VALUE TO PASS IF ODD OR EVEN: 6
6 * 2 = 12
VAL1 = 1
VAL2 = 2
TOTAL = 3
BEFORE FINALSUM VALUE = 43
FINALSUM + TOTAL = 46

NUMBER IS EVEN = 12
046454286 is invalid.
TOTAL SUM = 46
